[    0.000000] Linux version 4.15.0-212-generic (buildd@lcy02-amd64-083) (gcc version 7.5.0 (Ubuntu 7.5.0-3ubuntu1~18.04)) #223-Ubuntu SMP Tue May 23 13:09:22 UTC 2023 (Ubuntu 4.15.0-212.223-generic 4.15.18)
[    0.000000] Command line: BOOT_IMAGE=/boot/vmlinuz-4.15.0-212-generic root=LABEL=cloudimg-rootfs ro console=tty1 console=ttyS0
[    0.000000] KERNEL supported cpus:
[    0.000000]   Intel GenuineIntel
[    0.000000]   AMD AuthenticAMD
[    0.000000]   Centaur CentaurHauls
[    0.000000] x86/fpu: Supporting XSAVE feature 0x001: 'x87 floating point registers'
[    0.000000] x86/fpu: Supporting XSAVE feature 0x002: 'SSE registers'
[    0.000000] x86/fpu: Supporting XSAVE feature 0x004: 'AVX registers'
[    0.000000] x86/fpu: xstate_offset[2]:  576, xstate_sizes[2]:  256
[    0.000000] x86/fpu: Enabled xstate features 0x7, context size is 832 bytes, using 'standard' format.
[    0.000000] e820: BIOS-provided physical RAM map:
[    0.000000] BIOS-e820: [mem 0x0000000000000000-0x000000000009fbff] usable
[    0.000000] BIOS-e820: [mem 0x000000000009fc00-0x000000000009ffff] reserved
[    0.000000] BIOS-e820: [mem 0x00000000000f0000-0x00000000000fffff] reserved
[    0.000000] BIOS-e820: [mem 0x0000000000100000-0x000000007e7effff] usable
[    0.000000] BIOS-e820: [mem 0x000000007e7f0000-0x000000007e7fffff] ACPI data
[    0.000000] BIOS-e820: [mem 0x00000000fec00000-0x00000000fec00fff] reserved
[    0.000000] BIOS-e820: [mem 0x00000000fee00000-0x00000000fee00fff] reserved
[    0.000000] BIOS-e820: [mem 0x00000000fffc0000-0x00000000ffffffff] reserved
[    0.000000] NX (Execute Disable) protection: active
[    0.000000] SMBIOS 2.5 present.
[    0.000000] DMI: innotek GmbH VirtualBox/VirtualBox, BIOS VirtualBox 12/01/2006
[    0.000000] Hypervisor detected: KVM
[    0.000000] e820: last_pfn = 0x7e7f0 max_arch_pfn = 0x400000000
[    0.000000] MTRR: Disabled
[    0.000000] x86/PAT: MTRRs disabled, skipping PAT initialization too.
[    0.000000] CPU MTRRs all blank - virtualized system.
[    0.000000] x86/PAT: Configuration [0-7]: WB  WT  UC- UC  WB  WT  UC- UC  
[    0.000000] found SMP MP-table at [mem 0x0009fff0-0x0009ffff]
[    0.000000] Scanning 1 areas for low memory corruption
[    0.000000] RAMDISK: [mem 0x359cb000-0x36cdcfff]
[    0.000000] ACPI: Early table checksum verification disabled
[    0.000000] ACPI: RSDP 0x00000000000E0000 000024 (v02 VBOX  )
[    0.000000] ACPI: XSDT 0x000000007E7F0030 00003C (v01 VBOX   VBOXXSDT 00000001 ASL  00000061)
[    0.000000] ACPI: FACP 0x000000007E7F00F0 0000F4 (v04 VBOX   VBOXFACP 00000001 ASL  00000061)
[    0.000000] ACPI: DSDT 0x000000007E7F0610 002353 (v02 VBOX   VBOXBIOS 00000002 INTL 20210930)
[    0.000000] ACPI: FACS 0x000000007E7F0200 000040
[    0.000000] ACPI: FACS 0x000000007E7F0200 000040
[    0.000000] ACPI: APIC 0x000000007E7F0240 00005C (v02 VBOX   VBOXAPIC 00000001 ASL  00000061)
[    0.000000] ACPI: SSDT 0x000000007E7F02A0 00036C (v01 VBOX   VBOXCPUT 00000002 INTL 20210930)
[    0.000000] ACPI: Reserving FACP table memory at [mem 0x7e7f00f0-0x7e7f01e3]
[    0.000000] ACPI: Reserving DSDT table memory at [mem 0x7e7f0610-0x7e7f2962]
[    0.000000] ACPI: Reserving FACS table memory at [mem 0x7e7f0200-0x7e7f023f]
[    0.000000] ACPI: Reserving FACS table memory at [mem 0x7e7f0200-0x7e7f023f]
[    0.000000] ACPI: Reserving APIC table memory at [mem 0x7e7f0240-0x7e7f029b]
[    0.000000] ACPI: Reserving SSDT table memory at [mem 0x7e7f02a0-0x7e7f060b]
[    0.000000] No NUMA configuration found
[    0.000000] Faking a node at [mem 0x0000000000000000-0x000000007e7effff]
[    0.000000] NODE_DATA(0) allocated [mem 0x7e7c5000-0x7e7effff]
[    0.000000] kvm-clock: cpu 0, msr 0:7e744001, primary cpu clock
[    0.000000] kvm-clock: Using msrs 4b564d01 and 4b564d00
[    0.000000] kvm-clock: using sched offset of 4286083833 cycles
[    0.000000] clocksource: kvm-clock: mask: 0xffffffffffffffff max_cycles: 0x1cd42e4dffb, max_idle_ns: 881590591483 ns
[    0.000000] Zone ranges:
[    0.000000]   DMA      [mem 0x0000000000001000-0x0000000000ffffff]
[    0.000000]   DMA32    [mem 0x0000000001000000-0x000000007e7effff]
[    0.000000]   Normal   empty
[    0.000000]   Device   empty
[    0.000000] Movable zone start for each node
[    0.000000] Early memory node ranges
[    0.000000]   node   0: [mem 0x0000000000001000-0x000000000009efff]
[    0.000000]   node   0: [mem 0x0000000000100000-0x000000007e7effff]
[    0.000000] Reserved but unavailable: 104 pages
[    0.000000] Initmem setup node 0 [mem 0x0000000000001000-0x000000007e7effff]
[    0.000000] ACPI: PM-Timer IO Port: 0x4008
[    0.000000] IOAPIC[0]: apic_id 2, version 32, address 0xfec00000, GSI 0-23
[    0.000000] ACPI: INT_SRC_OVR (bus 0 bus_irq 0 global_irq 2 dfl dfl)
[    0.000000] ACPI: INT_SRC_OVR (bus 0 bus_irq 9 global_irq 9 low level)
[    0.000000] Using ACPI (MADT) for SMP configuration information
[    0.000000] smpboot: Allowing 2 CPUs, 0 hotplug CPUs
[    0.000000] PM: Registered nosave memory: [mem 0x00000000-0x00000fff]
[    0.000000] PM: Registered nosave memory: [mem 0x0009f000-0x0009ffff]
[    0.000000] PM: Registered nosave memory: [mem 0x000a0000-0x000effff]
[    0.000000] PM: Registered nosave memory: [mem 0x000f0000-0x000fffff]
[    0.000000] e820: [mem 0x7e800000-0xfebfffff] available for PCI devices
[    0.000000] Booting paravirtualized kernel on KVM
[    0.000000] clocksource: refined-jiffies: mask: 0xffffffff max_cycles: 0xffffffff, max_idle_ns: 7645519600211568 ns
[    0.000000] setup_percpu: NR_CPUS:8192 nr_cpumask_bits:2 nr_cpu_ids:2 nr_node_ids:1
[    0.000000] percpu: Embedded 50 pages/cpu s167936 r8192 d28672 u1048576
[    0.000000] PV qspinlock hash table entries: 256 (order: 0, 4096 bytes)
[    0.000000] Built 1 zonelists, mobility grouping on.  Total pages: 509913
[    0.000000] Policy zone: DMA32
[    0.000000] Kernel command line: BOOT_IMAGE=/boot/vmlinuz-4.15.0-212-generic root=LABEL=cloudimg-rootfs ro console=tty1 console=ttyS0
[    0.000000] Memory: 1990260K/2072120K available (12300K kernel code, 2477K rwdata, 4324K rodata, 2480K init, 2720K bss, 81860K reserved, 0K cma-reserved)
[    0.000000] SLUB: HWalign=64, Order=0-3, MinObjects=0, CPUs=2, Nodes=1
[    0.000000] Kernel/User page tables isolation: enabled
[    0.000000] ftrace: allocating 39508 entries in 155 pages
[    0.004000] Hierarchical RCU implementation.
[    0.004000] 	RCU restricting CPUs from NR_CPUS=8192 to nr_cpu_ids=2.
[    0.004000] 	Tasks RCU enabled.
[    0.004000] RCU: Adjusting geometry for rcu_fanout_leaf=16, nr_cpu_ids=2
[    0.004000] NR_IRQS: 524544, nr_irqs: 440, preallocated irqs: 16
[    0.004000] random: crng init done
[    0.004000] Console: colour VGA+ 80x25
[    0.004000] console [tty1] enabled
[    0.004000] console [ttyS0] enabled
[    0.004000] ACPI: Core revision 20170831
[    0.004000] ACPI: 2 ACPI AML tables successfully acquired and loaded
[    0.004000] APIC: Switch to symmetric I/O mode setup
[    0.004000] x2apic enabled
[    0.004018] Switched APIC routing to physical x2apic.
[    0.008000] ..TIMER: vector=0x30 apic1=0 pin1=2 apic2=-1 pin2=-1
[    0.008006] tsc: Detected 3518.614 MHz processor
[    0.012011] Calibrating delay loop (skipped) preset value.. 7037.22 BogoMIPS (lpj=14074456)
[    0.016003] pid_max: default: 32768 minimum: 301
[    0.020047] Security Framework initialized
[    0.024007] Yama: becoming mindful.
[    0.028052] AppArmor: AppArmor initialized
[    0.034105] Dentry cache hash table entries: 262144 (order: 9, 2097152 bytes)
[    0.040544] Inode-cache hash table entries: 131072 (order: 8, 1048576 bytes)
[    0.044069] Mount-cache hash table entries: 4096 (order: 3, 32768 bytes)
[    0.048058] Mountpoint-cache hash table entries: 4096 (order: 3, 32768 bytes)
[    0.053222] Last level iTLB entries: 4KB 64, 2MB 8, 4MB 8
[    0.056004] Last level dTLB entries: 4KB 64, 2MB 0, 4MB 0, 1GB 4
[    0.060018] Spectre V1 : Mitigation: usercopy/swapgs barriers and __user pointer sanitization
[    0.064006] Spectre V2 : Mitigation: Retpolines
[    0.066810] Spectre V2 : Spectre v2 / SpectreRSB mitigation: Filling RSB on context switch
[    0.068004] Spectre V2 : Spectre v2 / SpectreRSB : Filling RSB on VMEXIT
[    0.072007] RETBleed: WARNING: Spectre v2 mitigation leaves CPU vulnerable to RETBleed attacks, data leaks possible!
[    0.076005] RETBleed: Vulnerable
[    0.078475] Speculative Store Bypass: Vulnerable
[    0.080104] MDS: Mitigation: Clear CPU buffers
[    0.084002] MMIO Stale Data: Mitigation: Clear CPU buffers
[    0.088019] SRBDS: Unknown: Dependent on hypervisor status
[    0.092175] Freeing SMP alternatives memory: 36K
[    0.211202] smpboot: CPU0: Intel(R) Core(TM) i7-7567U CPU @ 3.50GHz (family: 0x6, model: 0x8e, stepping: 0x9)
[    0.212382] Performance Events: unsupported p6 CPU model 142 no PMU driver, software events only.
[    0.216163] Hierarchical SRCU implementation.
[    0.220789] NMI watchdog: Perf event create on CPU 0 failed with -2
[    0.224023] NMI watchdog: Perf NMI watchdog permanently disabled
[    0.228248] smp: Bringing up secondary CPUs ...
[    0.232545] x86: Booting SMP configuration:
[    0.236029] .... node  #0, CPUs:      #1
[    0.004000] kvm-clock: cpu 1, msr 0:7e744041, secondary cpu clock
[    0.256087] smp: Brought up 1 node, 2 CPUs
[    0.260034] smpboot: Max logical packages: 1
[    0.264006] smpboot: Total of 2 processors activated (14074.45 BogoMIPS)
[    0.268250] devtmpfs: initialized
[    0.272066] x86/mm: Memory block size: 128MB
[    0.275147] evm: security.selinux
[    0.276003] evm: security.SMACK64
[    0.278243] evm: security.SMACK64EXEC
[    0.280003] evm: security.SMACK64TRANSMUTE
[    0.284004] evm: security.SMACK64MMAP
[    0.286756] evm: security.apparmor
[    0.288004] evm: security.ima
[    0.290316] evm: security.capability
[    0.292198] clocksource: jiffies: mask: 0xffffffff max_cycles: 0xffffffff, max_idle_ns: 7645041785100000 ns
[    0.296019] futex hash table entries: 512 (order: 3, 32768 bytes)
[    0.300098] pinctrl core: initialized pinctrl subsystem
[    0.304364] RTC time:  9:57:39, date: 12/23/24
[    0.308661] NET: Registered protocol family 16
[    0.312106] audit: initializing netlink subsys (disabled)
[    0.316068] audit: type=2000 audit(1734947864.688:1): state=initialized audit_enabled=0 res=1
[    0.320009] cpuidle: using governor ladder
[    0.322828] cpuidle: using governor menu
[    0.324053] ACPI: bus type PCI registered
[    0.328004] acpiphp: ACPI Hot Plug PCI Controller Driver version: 0.5
[    0.332324] PCI: Using configuration type 1 for base access
[    0.337165] HugeTLB registered 2.00 MiB page size, pre-allocated 0 pages
[    0.344625] ACPI: Added _OSI(Module Device)
[    0.348023] ACPI: Added _OSI(Processor Device)
[    0.350743] ACPI: Added _OSI(3.0 _SCP Extensions)
[    0.352017] ACPI: Added _OSI(Processor Aggregator Device)
[    0.356005] ACPI: Added _OSI(Linux-Dell-Video)
[    0.360005] ACPI: Added _OSI(Linux-Lenovo-NV-HDMI-Audio)
[    0.364005] ACPI: Added _OSI(Linux-HPI-Hybrid-Graphics)
[    0.368978] ACPI: Executed 1 blocks of module-level executable AML code
[    0.378899] ACPI: Interpreter enabled
[    0.380016] ACPI: (supports S0 S5)
[    0.382285] ACPI: Using IOAPIC for interrupt routing
[    0.384484] PCI: Using host bridge windows from ACPI; if necessary, use "pci=nocrs" and report a bug
[    0.388278] ACPI: Enabled 2 GPEs in block 00 to 07
[    0.404000] ACPI: PCI Root Bridge [PCI0] (domain 0000 [bus 00-ff])
[    0.404014] acpi PNP0A03:00: _OSC: OS supports [ASPM ClockPM Segments MSI]
[    0.412436] acpi PNP0A03:00: _OSC: not requesting OS control; OS requires [ExtendedConfig ASPM ClockPM MSI]
[    0.416013] acpi PNP0A03:00: fail to add MMCONFIG information, can't access extended PCI configuration space under this bridge.
[    0.420638] PCI host bridge to bus 0000:00
[    0.424009] pci_bus 0000:00: root bus resource [io  0x0000-0x0cf7 window]
[    0.428011] pci_bus 0000:00: root bus resource [io  0x0d00-0xffff window]
[    0.432005] pci_bus 0000:00: root bus resource [mem 0x000a0000-0x000bffff window]
[    0.436007] pci_bus 0000:00: root bus resource [mem 0x7e800000-0xfdffffff window]
[    0.440008] pci_bus 0000:00: root bus resource [bus 00-ff]
[    0.449763] pci 0000:00:01.1: legacy IDE quirk: reg 0x10: [io  0x01f0-0x01f7]
[    0.452004] pci 0000:00:01.1: legacy IDE quirk: reg 0x14: [io  0x03f6]
[    0.456010] pci 0000:00:01.1: legacy IDE quirk: reg 0x18: [io  0x0170-0x0177]
[    0.460009] pci 0000:00:01.1: legacy IDE quirk: reg 0x1c: [io  0x0376]
[    0.548000] pci 0000:00:07.0: quirk: [io  0x4000-0x403f] claimed by PIIX4 ACPI
[    0.548041] pci 0000:00:07.0: quirk: [io  0x4100-0x410f] claimed by PIIX4 SMB
[    0.590735] ACPI: PCI Interrupt Link [LNKA] (IRQs 5 9 10 *11)
[    0.594413] ACPI: PCI Interrupt Link [LNKB] (IRQs 5 9 *10 11)
[    0.597181] ACPI: PCI Interrupt Link [LNKC] (IRQs 5 *9 10 11)
[    0.601226] ACPI: PCI Interrupt Link [LNKD] (IRQs 5 9 10 *11)
[    0.604476] SCSI subsystem initialized
[    0.608081] pci 0000:00:02.0: vgaarb: setting as boot VGA device
[    0.612000] pci 0000:00:02.0: vgaarb: VGA device added: decodes=io+mem,owns=io+mem,locks=none
[    0.612010] pci 0000:00:02.0: vgaarb: bridge control possible
[    0.616004] vgaarb: loaded
[    0.620058] ACPI: bus type USB registered
[    0.622326] usbcore: registered new interface driver usbfs
[    0.624039] usbcore: registered new interface driver hub
[    0.628016] usbcore: registered new device driver usb
[    0.632192] EDAC MC: Ver: 3.0.0
[    0.636391] PCI: Using ACPI for IRQ routing
[    0.640640] NetLabel: Initializing
[    0.642572] NetLabel:  domain hash size = 128
[    0.644002] NetLabel:  protocols = UNLABELED CIPSOv4 CALIPSO
[    0.648071] NetLabel:  unlabeled traffic allowed by default
[    0.652139] clocksource: Switched to clocksource kvm-clock
[    0.676063] VFS: Disk quotas dquot_6.6.0
[    0.679377] VFS: Dquot-cache hash table entries: 512 (order 0, 4096 bytes)
[    0.683559] AppArmor: AppArmor Filesystem Enabled
[    0.686230] pnp: PnP ACPI init
[    0.690761] pnp: PnP ACPI: found 3 devices
[    0.715077] clocksource: acpi_pm: mask: 0xffffff max_cycles: 0xffffff, max_idle_ns: 2085701024 ns
[    0.720662] NET: Registered protocol family 2
[    0.726731] IP idents hash table entries: 32768 (order: 6, 262144 bytes)
[    0.731748] TCP established hash table entries: 16384 (order: 5, 131072 bytes)
[    0.736770] TCP bind hash table entries: 16384 (order: 6, 262144 bytes)
[    0.741955] TCP: Hash tables configured (established 16384 bind 16384)
[    0.753066] UDP hash table entries: 1024 (order: 3, 32768 bytes)
[    0.757650] UDP-Lite hash table entries: 1024 (order: 3, 32768 bytes)
[    0.761784] NET: Registered protocol family 1
[    0.765074] pci 0000:00:00.0: Limiting direct PCI/PCI transfers
[    0.769588] pci 0000:00:01.0: Activating ISA DMA hang workarounds
[    0.777089] pci 0000:00:02.0: Video device with shadowed ROM at [mem 0x000c0000-0x000dffff]
[    0.783196] Unpacking initramfs...
[    1.101313] Freeing initrd memory: 19528K
[    1.104233] clocksource: tsc: mask: 0xffffffffffffffff max_cycles: 0x32b80100f63, max_idle_ns: 440795299447 ns
[    1.111203] platform rtc_cmos: registered platform RTC device (no PNP device found)
[    1.116085] Scanning for low memory corruption every 60 seconds
[    1.120955] Initialise system trusted keyrings
[    1.123666] Key type blacklist registered
[    1.126430] workingset: timestamp_bits=36 max_order=19 bucket_order=0
[    1.131797] zbud: loaded
[    1.134971] squashfs: version 4.0 (2009/01/31) Phillip Lougher
[    1.139141] fuse init (API version 7.26)
[    1.155411] Key type asymmetric registered
[    1.158640] Asymmetric key parser 'x509' registered
[    1.162226] Block layer SCSI generic (bsg) driver version 0.4 loaded (major 246)
[    1.166817] io scheduler noop registered
[    1.169591] io scheduler deadline registered
[    1.172161] io scheduler cfq registered (default)
[    1.175914] ACPI: AC Adapter [AC] (off-line)
[    1.180290] input: Power Button as /devices/LNXSYSTM:00/LNXPWRBN:00/input/input0
[    1.184780] ACPI: Power Button [PWRF]
[    1.187162] input: Sleep Button as /devices/LNXSYSTM:00/LNXSLPBN:00/input/input1
[    1.192399] ACPI: Sleep Button [SLPF]
[    1.197004] Serial: 8250/16550 driver, 32 ports, IRQ sharing enabled
[    1.197316] ACPI: Battery Slot [BAT0] (battery present)
[    1.256779] 00:02: ttyS0 at I/O 0x3f8 (irq = 4, base_baud = 115200) is a 16550A
[    1.264258] Linux agpgart interface v0.103
[    1.269397] loop: module loaded
[    1.273835] scsi host0: ata_piix
[    1.277972] scsi host1: ata_piix
[    1.280900] ata1: PATA max UDMA/33 cmd 0x1f0 ctl 0x3f6 bmdma 0xd000 irq 14
[    1.286425] ata2: PATA max UDMA/33 cmd 0x170 ctl 0x376 bmdma 0xd008 irq 15
[    1.290346] tun: Universal TUN/TAP device driver, 1.6
[    1.297088] PPP generic driver version 2.4.2
[    1.300693] ehci_hcd: USB 2.0 'Enhanced' Host Controller (EHCI) Driver
[    1.305733] ehci-pci: EHCI PCI platform driver
[    1.309310] ehci-platform: EHCI generic platform driver
[    1.313274] ohci_hcd: USB 1.1 'Open' Host Controller (OHCI) Driver
[    1.313274] ohci-pci: OHCI PCI platform driver
[    1.322612] ohci-platform: OHCI generic platform driver
[    1.326570] uhci_hcd: USB Universal Host Controller Interface driver
[    1.331936] i8042: PNP: PS/2 Controller [PNP0303:PS2K,PNP0f03:PS2M] at 0x60,0x64 irq 1,12
[    1.341347] serio: i8042 KBD port at 0x60,0x64 irq 1
[    1.344031] serio: i8042 AUX port at 0x60,0x64 irq 12
[    1.344031] mousedev: PS/2 mouse device common for all mice
[    1.354031] input: AT Translated Set 2 keyboard as /devices/platform/i8042/serio0/input/input2
[    1.364430] rtc_cmos rtc_cmos: rtc core: registered rtc_cmos as rtc0
[    1.368297] rtc_cmos rtc_cmos: alarms up to one day, 114 bytes nvram
[    1.371730] i2c /dev entries driver
[    1.373879] device-mapper: uevent: version 1.0.3
[    1.377960] device-mapper: ioctl: 4.37.0-ioctl (2017-09-20) initialised: dm-devel@redhat.com
[    1.382962] ledtrig-cpu: registered to indicate activity on CPUs
[    1.389388] NET: Registered protocol family 10
[    1.396844] Segment Routing with IPv6
[    1.399142] NET: Registered protocol family 17
[    1.402027] Key type dns_resolver registered
[    1.404861] mce: Using 0 MCE banks
[    1.406839] RAS: Correctable Errors collector initialized.
[    1.410920] sched_clock: Marking stable (1410859953, 0)->(2446286886, -1035426933)
[    1.416837] registered taskstats version 1
[    1.419098] Loading compiled-in X.509 certificates
[    1.424811] Loaded X.509 cert 'Build time autogenerated kernel key: b5b26778eaa3ab3a4a6cee031137706e947d12ad'
[    1.431152] Loaded X.509 cert 'Canonical Ltd. Live Patch Signing: 14df34d1a87cf37625abec039ef2bf521249b969'
[    1.437393] Loaded X.509 cert 'Canonical Ltd. Kernel Module Signing: 88f752e560a1e0737e31163a466ad7b70a850c19'
[    1.443198] blacklist: Loading compiled-in revocation X.509 certificates
[    1.446889] Loaded X.509 cert 'Canonical Ltd. Secure Boot Signing: 61482aa2830d0ab2ad5af10b7250da9033ddcef0'
[    1.456313] Loaded X.509 cert 'Canonical Ltd. Secure Boot Signing (2017): 242ade75ac4a15e50d50c84b0d45ff3eae707a03'
[    1.519234] Loaded X.509 cert 'Canonical Ltd. Secure Boot Signing (ESM 2018): 365188c1d374d6b07c3c8f240f8ef722433d6a8b'
[    1.526297] Loaded X.509 cert 'Canonical Ltd. Secure Boot Signing (2019): c0746fd6c5da3ae827864651ad66ae47fe24b3e8'
[    1.532679] Loaded X.509 cert 'Canonical Ltd. Secure Boot Signing (2021 v1): a8d54bbb3825cfb94fa13c9f8a594a195c107b8d'
[    1.539090] Loaded X.509 cert 'Canonical Ltd. Secure Boot Signing (2021 v2): 4cf046892d6fd3c9a5b03f98d845f90851dc6a8c'
[    1.546471] Loaded X.509 cert 'Canonical Ltd. Secure Boot Signing (2021 v3): 100437bb6de6e469b581e61cd66bce3ef4ed53af'
[    1.553992] Loaded X.509 cert 'Canonical Ltd. Secure Boot Signing (Ubuntu Core 2019): c1d57b8f6b743f23ee41f4f7ee292f06eecadfb9'
[    1.561258] zswap: loaded using pool lzo/zbud
[    1.570029] Key type big_key registered
[    1.573214] Key type trusted registered
[    1.578624] Key type encrypted registered
[    1.581560] AppArmor: AppArmor sha1 policy hashing enabled
[    1.585138] ima: No TPM chip found, activating TPM-bypass! (rc=-19)
[    1.589091] ima: Allocated hash algorithm: sha1
[    1.592530] evm: HMAC attrs: 0x1
[    1.608396]   Magic number: 4:163:981
[    1.624841] rtc_cmos rtc_cmos: setting system clock to 2024-12-23 09:57:40 UTC (1734947860)
[    1.638704] BIOS EDD facility v0.16 2004-Jun-25, 0 devices found
[    1.645629] EDD information not available.
[    1.653751] Freeing unused kernel image memory: 2480K
[    1.676563] Write protecting the kernel read-only data: 20480k
[    1.682931] Freeing unused kernel image memory: 2008K
[    1.688427] Freeing unused kernel image memory: 1820K
[    1.703273] x86/mm: Checked W+X mappings: passed, no W+X pages found.
[    1.717794] x86/mm: Checking user space page tables
[    1.734131] x86/mm: Checked W+X mappings: passed, no W+X pages found.
Loading, please wait...
starting version 237
[    1.813911] e1000: Intel(R) PRO/1000 Network Driver - version 7.3.21-k8-NAPI
[    1.848836] e1000: Copyright (c) 1999-2006 Intel Corporation.
[    1.863457] Fusion MPT base driver 3.04.20
[    1.872688] Copyright (c) 1999-2008 LSI Corporation
[    1.886715] Fusion MPT SPI Host driver 3.04.20
[    1.899283] mptbase: ioc0: Initiating bringup
[    1.912015] AVX2 version of gcm_enc/dec engaged.
[    1.918144] AES CTR mode by8 optimization enabled
[    2.033656] ioc0: LSI53C1030 A0: Capabilities={Initiator}
[    2.093987] input: ImExPS/2 Generic Explorer Mouse as /devices/platform/i8042/serio1/input/input4
[    2.288320] scsi host2: ioc0: LSI53C1030 A0, FwRev=00000000h, Ports=1, MaxQ=256, IRQ=20
[    2.461784] scsi 2:0:0:0: Direct-Access     VBOX     HARDDISK         1.0  PQ: 0 ANSI: 5
[    2.506550] scsi target2:0:0: Beginning Domain Validation
[    2.562976] scsi target2:0:0: Domain Validation skipping write tests
[    2.605151] scsi target2:0:0: Ending Domain Validation
[    2.615049] scsi target2:0:0: asynchronous
[    2.625442] scsi 2:0:1:0: Direct-Access     VBOX     HARDDISK         1.0  PQ: 0 ANSI: 5
[    2.835081] scsi target2:0:1: Beginning Domain Validation
[    2.847470] scsi target2:0:1: Domain Validation skipping write tests
[    2.857393] scsi target2:0:1: Ending Domain Validation
[    2.862773] scsi target2:0:1: asynchronous
[    2.881437] sd 2:0:0:0: [sda] 83886080 512-byte logical blocks: (42.9 GB/40.0 GiB)
[    2.888287] sd 2:0:0:0: Attached scsi generic sg0 type 0
[    2.893837] sd 2:0:0:0: [sda] Write Protect is off
[    2.901624] sd 2:0:1:0: [sdb] 20480 512-byte logical blocks: (10.5 MB/10.0 MiB)
[    2.909575] sd 2:0:1:0: Attached scsi generic sg1 type 0
[    2.915429] sd 2:0:1:0: [sdb] Write Protect is off
[    2.920655] sd 2:0:0:0: [sda] Incomplete mode parameter data
[    2.927521] sd 2:0:0:0: [sda] Assuming drive cache: write through
[    2.939482] sd 2:0:1:0: [sdb] Incomplete mode parameter data
[    2.948106] sd 2:0:1:0: [sdb] Assuming drive cache: write through
[    2.963120]  sda: sda1
[    2.967634] sd 2:0:0:0: [sda] Attached SCSI disk
[    2.980821] sd 2:0:1:0: [sdb] Attached SCSI disk
[    3.095884] e1000 0000:00:03.0 eth0: (PCI:33MHz:32-bit) 02:3b:7b:b7:3b:2d
[    3.100429] e1000 0000:00:03.0 eth0: Intel(R) PRO/1000 Network Connection
[    3.575601] e1000 0000:00:08.0 eth1: (PCI:33MHz:32-bit) 08:00:27:ad:51:bf
[    3.580557] e1000 0000:00:08.0 eth1: Intel(R) PRO/1000 Network Connection
[    3.588183] e1000 0000:00:03.0 enp0s3: renamed from eth0
[    3.609370] e1000 0000:00:08.0 enp0s8: renamed from eth1
Begin: Loading essential drivers ... [    5.824252] raid6: sse2x1   gen() 14079 MB/s
[    5.890230] raid6: sse2x1   xor() 10239 MB/s
[    5.951758] raid6: sse2x2   gen() 18131 MB/s
[    6.001560] raid6: sse2x2   xor() 10666 MB/s
[    6.061786] raid6: sse2x4   gen() 22896 MB/s
[    6.111471] raid6: sse2x4   xor() 11275 MB/s
[    6.168913] raid6: avx2x1   gen() 26870 MB/s
[    6.221415] raid6: avx2x1   xor()  7446 MB/s
[    6.281027] raid6: avx2x2   gen() 23302 MB/s
[    6.336242] raid6: avx2x2   xor() 17777 MB/s
[    6.400413] raid6: avx2x4   gen() 27103 MB/s
[    6.450881] raid6: avx2x4   xor() 18133 MB/s
[    6.453901] raid6: using algorithm avx2x4 gen() 27103 MB/s
[    6.459762] raid6: .... xor() 18133 MB/s, rmw enabled
[    6.464068] raid6: using avx2x2 recovery algorithm
[    6.468855] xor: automatically using best checksumming function   avx       
[    6.475304] async_tx: api initialized (async)
done.
Begin: Running /scripts/init-premount ... done.
Begin: Mounting root file system ... Begin: Running /scripts/local-top ... done.
Begin: Running /scripts/local-premount ... [    6.535692] Btrfs loaded, crc32c=crc32c-intel
Scanning for Btrfs filesystems
done.
Warning: fsck not present, so skipping root file system
[    6.589760] EXT4-fs (sda1): mounted filesystem with ordered data mode. Opts: (null)
done.
Begin: Running /scripts/local-bottom ... done.
Begin: Running /scripts/init-bottom ... done.
[    7.000024] ip_tables: (C) 2000-2006 Netfilter Core Team
[    7.030394] systemd[1]: systemd 237 running in system mode. (+PAM +AUDIT +SELINUX +IMA +APPARMOR +SMACK +SYSVINIT +UTMP +LIBCRYPTSETUP +GCRYPT +GNUTLS +ACL +XZ +LZ4 +SECCOMP +BLKID +ELFUTILS +KMOD -IDN2 +IDN -PCRE2 default-hierarchy=hybrid)
[    7.042761] systemd[1]: Detected virtualization oracle.
[    7.046071] systemd[1]: Detected architecture x86-64.

Welcome to [1mUbuntu 18.04.6 LTS[0m!

[    7.072507] systemd[1]: Set hostname to <ubuntu>.
[    7.080374] systemd[1]: Initializing machine ID from random generator.
[    7.084828] systemd[1]: Installed transient /etc/machine-id file.
[    7.653371] systemd[1]: Created slice System Slice.
[[0;32m  OK  [0m] Created slice System Slice.
[    7.660883] systemd[1]: Created slice system-serial\x2dgetty.slice.
[[0;32m  OK  [0m] Created slice system-serial\x2dgetty.slice.
[    7.670438] systemd[1]: Set up automount Arbitrary Executable File Formats File System Automount Point.
[[0;32m  OK  [0m] Set up automount Arbitrary Executab…rmats File System Automount Point.
[    7.682372] systemd[1]: Listening on udev Control Socket.
[[0;32m  OK  [0m] Listening on udev Control Socket.
[[0;32m  OK  [0m] Created slice User and Session Slice.
[[0;32m  OK  [0m] Listening on Syslog Socket.
[[0;32m  OK  [0m] Listening on Journal Socket (/dev/log).
[[0;32m  OK  [0m] Listening on Journal Socket.
         Starting Load Kernel Modules...
         Starting Set the console keyboard layout...
         Mounting POSIX Message Queue File System...
         Mounting Kernel Debug File System...
[[0;32m  OK  [0m] Reached target System Time Synchronized.
[    7.729729] Loading iSCSI transport class v2.0-870.
[[0;32m  OK  [0m] Listening on Network Service Netlink Socket.
[[0;32m  OK  [0m] Listening on LVM2 poll daemon socket.
[    7.745149] iscsi: registered transport (tcp)
[[0;32m  OK  [0m] Listening on Journal Audit Socket.
         [    7.769749] iscsi: registered transport (iser)
Starting Journal Service...
         Starting Uncomplicated firewall...
[[0;32m  OK  [0m] Listening on udev Kernel Socket.
         Starting udev Coldplug all Devices...
[[0;32m  OK  [0m] Listening on fsck to fsckd communication Socket.
         Starting File System Check on Root Device...
[[0;32m  OK  [0m] Reached target Slices.
         Mounting Huge Pages File System...
[[0;32m  OK  [0m] Listening on Device-mapper event daemon FIFOs.
[[0;32m  OK  [0m] Reached target Swap.
[[0;32m  OK  [0m] Started Forward Password Requests to Wall Directory Watch.
         Starting Create list of required st…ce nodes for the current kernel...
[[0;32m  OK  [0m] Listening on /dev/initctl Compatibility Named Pipe.
[[0;32m  OK  [0m] Reached target User and Group Name Lookups.
[[0;32m  OK  [0m] Listening on LVM2 metadata daemon socket.
         Starting Monitoring of LVM2 mirrors…ng dmeventd or progress polling...
[[0;32m  OK  [0m] Reached target Mounting snaps.
[[0;32m  OK  [0m] Reached target Mounted snaps.
[[0;32m  OK  [0m] Started Load Kernel Modules.
[[0;32m  OK  [0m] Mounted POSIX Message Queue File System.
[[0;32m  OK  [0m] Started Journal Service.
[[0;32m  OK  [0m] Mounted Kernel Debug File System.
[[0;32m  OK  [0m] Started Uncomplicated firewall.
[[0;32m  OK  [0m] Started File System Check on Root Device.
[[0;32m  OK  [0m] Mounted Huge Pages File System.
[[0;32m  OK  [0m] Started Create list of required sta…vice nodes for the current kernel.
[[0;32m  OK  [0m] Started File System Check Daemon to report status.
         Starting Create Static Device Nodes in /dev...
         Starting Remount Root and Kernel File Systems...
         Starting Apply Kernel Variables...
         Mounting Kernel Configuration File System...
         Mounting FUSE Control File System...
[[0;32m  OK  [0m] Started udev Coldplug all Devices.
[[0;32m  OK  [0m] Mounted Kernel Configuration File System.
[[0;32m  OK  [0m] Mounted FUSE Control File System.
[[0;32m  OK  [0m] Started LVM2 metadata daemon.
[[0;32m  OK  [0m] Started Create Static Device Nodes in /dev.
[[0;32m  OK  [0m] Started Remount Root and Kernel File Systems.
         Starting Load/Save Random Seed...
         Starting Flush Journal to Persistent Storage...
         Starting udev Kernel Device Manager...
[[0;32m  OK  [0m] Started Monitoring of LVM2 mirrors,…sing dmeventd or progress polling.
[[0;32m  OK  [0m] Started Apply Kernel Variables.
[[0;32m  OK  [0m] Started Load/Save Random Seed.
[[0;32m  OK  [0m] Started udev Kernel Device Manager.
[[0;32m  OK  [0m] Started Flush Journal to Persistent Storage.
[[0;32m  OK  [0m] Found device /dev/ttyS0.
[[0;32m  OK  [0m] Listening on Load/Save RF Kill Switch Status /dev/rfkill Watch.
         Mounting Arbitrary Executable File Formats File System...
[[0;32m  OK  [0m] Mounted Arbitrary Executable File Formats File System.
[[0;32m  OK  [0m] Started Set the console keyboard layout.
[[0;32m  OK  [0m] Started Dispatch Password Requests to Console Directory Watch.
[[0;32m  OK  [0m] Reached target Local Encrypted Volumes.
[[0;32m  OK  [0m] Reached target Local File Systems (Pre).
[[0;32m  OK  [0m] Reached target Local File Systems.
         Starting AppArmor initialization...
         Starting Set console font and keymap...
         Starting Create Volatile Files and Directories...
         Starting Tell Plymouth To Write Out Runtime Data...
         Starting ebtables ruleset management...
         Starting Commit a transient machine-id on disk...
[[0;32m  OK  [0m] Started Tell Plymouth To Write Out Runtime Data.
[[0;32m  OK  [0m] Started Create Volatile Files and Directories.
         Starting Update UTMP about System Boot/Shutdown...
[[0;32m  OK  [0m] Started Commit a transient machine-id on disk.
[[0;32m  OK  [0m] Started Update UTMP about System Boot/Shutdown.
[[0;32m  OK  [0m] Started ebtables ruleset management.
[[0;32m  OK  [0m] Started AppArmor initialization.
         Starting Load AppArmor profiles managed internally by snapd...
         Starting Initial cloud-init job (pre-networking)...
[[0;32m  OK  [0m] Started Load AppArmor profiles managed internally by snapd.
[[0;32m  OK  [0m] Started Set console font and keymap.
[   13.807798] cloud-init[880]: Cloud-init v. 23.1.2-0ubuntu0~18.04.1 running 'init-local' at Mon, 23 Dec 2024 09:57:52 +0000. Up 13.41 seconds.
[[0;32m  OK  [0m] Started Initial cloud-init job (pre-networking).
[[0;32m  OK  [0m] Reached target Network (Pre).
         Starting Network Service...
[[0;32m  OK  [0m] Started Network Service.
         Starting Network Name Resolution...
         Starting Wait for Network to be Configured...
[[0;32m  OK  [0m] Started Network Name Resolution.
[[0;32m  OK  [0m] Reached target Host and Network Name Lookups.
[[0;32m  OK  [0m] Reached target Network.
[[0;32m  OK  [0m] Started Wait for Network to be Configured.
         Starting Initial cloud-init job (metadata service crawler)...
[   15.910829] cloud-init[1019]: Cloud-init v. 23.1.2-0ubuntu0~18.04.1 running 'init' at Mon, 23 Dec 2024 09:57:54 +0000. Up 15.75 seconds.
[   15.917667] cloud-init[1019]: ci-info: ++++++++++++++++++++++++++++++++++++++Net device info+++++++++++++++++++++++++++++++++++++++
[   15.922640] cloud-init[1019]: ci-info: +--------+-------+----------------------------+---------------+--------+-------------------+
[   15.927292] cloud-init[1019]: ci-info: | Device |   Up  |          Address           |      Mask     | Scope  |     Hw-Address    |
[   15.932555] cloud-init[1019]: ci-info: +--------+-------+----------------------------+---------------+--------+-------------------+
[   15.937375] cloud-init[1019]: ci-info: | enp0s3 |  True |         10.0.2.15          | 255.255.255.0 | global | 02:3b:7b:b7:3b:2d |
[   15.942404] cloud-init[1019]: ci-info: | enp0s3 |  True | fe80::3b:7bff:feb7:3b2d/64 |       .       |  link  | 02:3b:7b:b7:3b:2d |
[   15.947544] cloud-init[1019]: ci-info: | enp0s8 | False |             .              |       .       |   .    | 08:00:27:ad:51:bf |
[   15.951748] cloud-init[1019]: ci-info: |   lo   |  True |         127.0.0.1          |   255.0.0.0   |  host  |         .         |
[   15.956888] cloud-init[1019]: ci-info: |   lo   |  True |          ::1/128           |       .       |  host  |         .         |
[   15.961607] cloud-init[1019]: ci-info: +--------+-------+----------------------------+---------------+--------+-------------------+
[   15.966902] cloud-init[1019]: ci-info: ++++++++++++++++++++++++++++Route IPv4 info+++++++++++++++++++++++++++++
[   15.971113] cloud-init[1019]: ci-info: +-------+-------------+----------+-----------------+-----------+-------+
[   15.986750] cloud-init[1019]: ci-info: | Route | Destination | Gateway  |     Genmask     | Interface | Flags |
[   15.991131] cloud-init[1019]: ci-info: +-------+-------------+----------+-----------------+-----------+-------+
[   15.995537] cloud-init[1019]: ci-info: |   0   |   0.0.0.0   | 10.0.2.2 |     0.0.0.0     |   enp0s3  |   UG  |
[   16.000447] cloud-init[1019]: ci-info: |   1   |   10.0.2.0  | 0.0.0.0  |  255.255.255.0  |   enp0s3  |   U   |
[   16.017773] cloud-init[1019]: ci-info: |   2   |   10.0.2.2  | 0.0.0.0  | 255.255.255.255 |   enp0s3  |   UH  |
[   16.027151] cloud-init[1019]: ci-info: +-------+-------------+----------+-----------------+-----------+-------+
[   16.037789] cloud-init[1019]: ci-info: +++++++++++++++++++Route IPv6 info+++++++++++++++++++
[   16.044414] cloud-init[1019]: ci-info: +-------+-------------+---------+-----------+-------+
[   16.048817] cloud-init[1019]: ci-info: | Route | Destination | Gateway | Interface | Flags |
[   16.054422] cloud-init[1019]: ci-info: +-------+-------------+---------+-----------+-------+
[   16.059039] cloud-init[1019]: ci-info: |   1   |  fe80::/64  |    ::   |   enp0s3  |   U   |
[   16.072227] cloud-init[1019]: ci-info: |   3   |    local    |    ::   |   enp0s3  |   U   |
[   16.088350] cloud-init[1019]: ci-info: |   4   |   ff00::/8  |    ::   |   enp0s3  |   U   |
[   16.092117] cloud-init[1019]: ci-info: +-------+-------------+---------+-----------+-------+
[   16.995367] cloud-init[1019]: Generating public/private rsa key pair.
[   16.997648] cloud-init[1019]: Your identification has been saved in /etc/ssh/ssh_host_rsa_key.
[   17.001706] cloud-init[1019]: Your public key has been saved in /etc/ssh/ssh_host_rsa_key.pub.
[   17.004319] cloud-init[1019]: The key fingerprint is:
[   17.006399] cloud-init[1019]: SHA256:ThQRjCHL8lXQDmg/nrFr9luVFetLyLJkSIjZGPX11iY root@ubuntu-bionic
[   17.010100] cloud-init[1019]: The key's randomart image is:
[   17.013377] cloud-init[1019]: +---[RSA 2048]----+
[   17.015236] cloud-init[1019]: |    oo+*=o.   .  |
[   17.017961] cloud-init[1019]: |   .oOo+oo . . o |
[   17.020880] cloud-init[1019]: |  ..*.+o+   E =  |
[   17.023259] cloud-init[1019]: |   o .+o.. o B   |
[   17.025570] cloud-init[1019]: |    .. =S + = o  |
[   17.027793] cloud-init[1019]: |      +o o + . . |
[   17.029851] cloud-init[1019]: |       .. o   .  |
[   17.031767] cloud-init[1019]: |      +  .       |
[   17.033638] cloud-init[1019]: |     o .o.       |
[   17.035362] cloud-init[1019]: +----[SHA256]-----+
[   17.038698] cloud-init[1019]: Generating public/private dsa key pair.
[   17.041669] cloud-init[1019]: Your identification has been saved in /etc/ssh/ssh_host_dsa_key.
[   17.046810] cloud-init[1019]: Your public key has been saved in /etc/ssh/ssh_host_dsa_key.pub.
[   17.053408] cloud-init[1019]: The key fingerprint is:
[   17.064617] cloud-init[1019]: SHA256:HikjroVrhEiHAFZ6WdQO+woTEc/pNgWBCVxEU9PJTKY root@ubuntu-bionic
[   17.076389] cloud-init[1019]: The key's randomart image is:
[   17.089515] cloud-init[1019]: +---[DSA 1024]----+
[   17.104896] cloud-init[1019]: |+o*B*BBo.        |
[   17.116251] cloud-init[1019]: |o..+*.**         |
[[0;32m  OK  [0m] Started Initial cloud-init job (metadata service crawler).
[[0;32m  OK  [0m] Reached target Cloud-config availability.
[[0;32m  OK  [0m] Reached target System Initialization.
[[0;32m  OK  [0m] Listening on D-Bus System Message Bus Socket.
[[0;32m  OK  [0m] Started Daily Cleanup of Temporary Directories.
[[0;32m  OK  [0m] Started Message of the Day.
[[0;32m  OK  [0m] Started Discard unused blocks once a week.
[[0;32m  OK  [0m] Listening on ACPID Listen Socket.
[   17.134840] cloud-init[1019]: |...o.E+.         |
         Starting LXD - unix socket.
         Starting Socket activation for snappy daemon.
[   17.191494] cloud-init[1019]: | o.o.... .       |
[[0;32m  OK  [0m] Listening on Open-iSCSI iscsid Socket.
[   17.213374] cloud-init[1019]: |o.. o++ S        |
[[0;32m  OK  [0m[   17.217830] cloud-init[1019]: |o .=...= .       |
[   17.220134] cloud-init[1019]: | .. = . .        |
[   17.220554] cloud-init[1019]: |  .+ .           |
] Listening on UUID daemon activation socket.
[   17.220725] cloud-init[1019]: | .o              |
[   17.229377] cloud-init[1019]: +----[SHA256]-----+
[[   17.232662] cloud-init[1019]: Generating public/private ecdsa key pair.
[   17.233257] cloud-init[1019]: Your identification has been saved in /etc/ssh/ssh_host_ecdsa_key.
[0;32m  OK  [0m] Started ACPI Events Check.
[[   17.233464] cloud-init[1019]: Your public key has been saved in /etc/ssh/ssh_host_ecdsa_key.pub.
[   17.250371] cloud-init[1019]: The key fingerprint is:
[0;32m  OK  [0m] Reached target Paths.
[   17.250997] cloud-init[1019]: SHA256:sdRxHTcODl9v4NRwT2JmF2wquhpP9LLk5w6FlZS71Aw root@ubuntu-bionic
[[   17.260877] cloud-init[1019]: The key's randomart image is:
[   17.261288] cloud-init[1019]: +---[ECDSA 256]---+
[   17.262144] cloud-init[1019]: |          .ooo@B*|
[   17.266401] cloud-init[1019]: |         ..E=*=X=|
[   17.267320] cloud-init[1019]: |        o .o=o+.+|
[   17.268066] cloud-init[1019]: |       . oo+ + . |
[   17.269328] cloud-init[1019]: |        Soo.o    |
[0;32m  OK  [0m] Started Daily apt download activities.
[   17.269909] cloud-init[1019]: |        ..o.     |
[   17.285904] cloud-init[1019]: |       . =..     |
[[   17.289040] cloud-init[1019]: |        *.+.     |
[0;32m  OK  [0m] Started Daily apt upgrade and clean activities.[   17.289760] 
cloud-init[1019]: |       ..++o     |
[[0;32m  OK  [0m[   17.296812] ] cloud-initListening on cloud-init hotplug hook socket.[1019]: 
+----[SHA256]-----+
[   17.297226] cloud-init[1019]: Generating public/private ed25519 key pair.
[   17.314772] cloud-init[1019]: Your identification has been saved in /etc/ssh/ssh_host_ed25519_key.
[   17.317799] cloud-init[1019]: Your public key has been saved in /etc/ssh/ssh_host_ed25519_key.pub.
[[0;32m  OK  [0m] Started Ubuntu Advantage Timer for running repeated jobs.
[   17.320992] cloud-init[1019]: The key fingerprint is:
[[0;32m  OK  [0m] [   17.329977] Reached target Timers.cloud-init
[1019]: SHA256:PSjXwO/YPuaJX+R7/+TBRUS8qln66H9zaloHpQFtD8o root@ubuntu-bionic
[[0;32m  OK  [0m[   17.335351] cloud-init[1019]: The key's randomart image is:
[   17.352842] cloud-init[1019]: +--[ED25519 256]--+
[   17.356510] cloud-init[1019]: |            .. oo|
[   17.370000] cloud-init[1019]: |       .     .+..|
[   17.376834] cloud-init[1019]: |        o  . o.o+|
[   17.376961] cloud-init[1019]: |         *  E  *.|
[   17.378282] cloud-init[1019]: |      . S = . + .|
[   17.380171] cloud-init[1019]: |       o + + o...|
[   17.380805] cloud-init[1019]: |        . o B .oo|
[   17.384303] cloud-init[1019]: |         oo*.oo*o|
[   17.386214] cloud-init[1019]: |        .+*+=*ooB|
[   17.387354] cloud-init[1019]: +----[SHA256]-----+
] Reached target Network is Online.
         Starting Availability of block devices...
[[0;32m  OK  [0m] Reached target Remote File Systems (Pre).
[[0;32m  OK  [0m] Reached target Remote File Systems.
[[0;32m  OK  [0m] Listening on LXD - unix socket.
[[0;32m  OK  [0m] Listening on Socket activation for snappy daemon.
[[0;32m  OK  [0m] Started Availability of block devices.
[[0;32m  OK  [0m] Reached target Sockets.
[[0;32m  OK  [0m] Reached target Basic System.
[[0;32m  OK  [0m] Started FUSE filesystem for LXC.
         Starting Dispatcher daemon for systemd-networkd...
         Starting LSB: automatic crash report generation...
[[0;32m  OK  [0m] Started irqbalance daemon.
         Starting Virtualbox guest utils...
[[0;32m  OK  [0m] Started Regular background program processing daemon.
         Starting Permit User Sessions...
[[0;32m  OK  [0m] Started Deferred execution scheduler.
         Starting LSB: Record successful boot for GRUB...
         Starting Accounts Service...
         Starting Pollinate to seed the pseudo random number generator...
         Starting Login Service...
[[0;32m  OK  [0m] Started D-Bus System Message Bus.
         Starting System Logging Service...
[[0;32m  OK  [0m] Reached target Login Prompts (Pre).
         Starting Snap Daemon...
         Starting LXD - container startup/shutdown...
[[0;32m  OK  [0m] Started Permit User Sessions.
[[0;32m  OK  [0m] Started Login Service.
[[0;32m  OK  [0m] Started Unattended Upgrades Shutdown.
         Starting Hold until boot process finishes up...
         Starting Terminate Plymouth Boot Screen...
[[0;32m  OK  [0m] Started System Logging Service.
[[0;32m  OK  [0m] Started Hold until boot process finishes up.
[[0;32m  OK  [0m] Started Terminate Plymouth Boot Screen.
         Starting Authorization Manager...
         Starting Set console scheme...
[[0;32m  OK  [0m] Started Serial Getty on ttyS0.
[[0;32m  OK  [0m] Started LSB: automatic crash report generation.
[[0;32m  OK  [0m] Started Dispatcher daemon for systemd-networkd.
[[0;32m  OK  [0m] Started Set console scheme.
[[0;32m  OK  [0m] Created slice system-getty.slice.
[[0;32m  OK  [0m] Started Getty on tty1.
[[0;32m  OK  [0m] Reached target Login Prompts.
[[0;32m  OK  [0m] Started Authorization Manager.
[[0;32m  OK  [0m] Started Accounts Service.
[[0;32m  OK  [0m] Started LSB: Record successful boot for GRUB.
[[0;32m  OK  [0m] Started Virtualbox guest utils.
[[0;32m  OK  [0m] Started LXD - container startup/shutdown.
[[0;32m  OK  [0m] Started Snap Daemon.
         Starting Wait until snapd is fully seeded...
         Starting Time & Date Service...
[[0;32m  OK  [0m] Started Time & Date Service.
[[0;32m  OK  [0m] Started Pollinate to seed the pseudo random number generator.
         Starting OpenBSD Secure Shell server...
[[0;32m  OK  [0m] Started OpenBSD Secure Shell server.
[[0;32m  OK  [0m] Created slice User Slice of vagrant.
         Starting User Manager for UID 1000...
[[0;32m  OK  [0m] Started Session 1 of user vagrant.
[[0;32m  OK  [0m] Started User Manager for UID 1000.

Ubuntu 18.04.6 LTS ubuntu-bionic ttyS0

ubuntu-bionic login: [   34.608412] cloud-init[2438]: Cloud-init v. 23.1.2-0ubuntu0~18.04.1 running 'modules:config' at Mon, 23 Dec 2024 09:58:13 +0000. Up 34.14 seconds.
ci-info: no authorized SSH keys fingerprints found for user ubuntu.
<14>Dec 23 09:58:14 cloud-init: #############################################################
<14>Dec 23 09:58:14 cloud-init: -----BEGIN SSH HOST KEY FINGERPRINTS-----
<14>Dec 23 09:58:14 cloud-init: 1024 SHA256:HikjroVrhEiHAFZ6WdQO+woTEc/pNgWBCVxEU9PJTKY root@ubuntu-bionic (DSA)
<14>Dec 23 09:58:14 cloud-init: 256 SHA256:sdRxHTcODl9v4NRwT2JmF2wquhpP9LLk5w6FlZS71Aw root@ubuntu-bionic (ECDSA)
<14>Dec 23 09:58:14 cloud-init: 256 SHA256:PSjXwO/YPuaJX+R7/+TBRUS8qln66H9zaloHpQFtD8o root@ubuntu-bionic (ED25519)
<14>Dec 23 09:58:14 cloud-init: 2048 SHA256:ThQRjCHL8lXQDmg/nrFr9luVFetLyLJkSIjZGPX11iY root@ubuntu-bionic (RSA)
<14>Dec 23 09:58:14 cloud-init: -----END SSH HOST KEY FINGERPRINTS-----
<14>Dec 23 09:58:14 cloud-init: #############################################################
-----BEGIN SSH HOST KEY KEYS-----
ecdsa-sha2-nistp256 AAAAE2VjZHNhLXNoYTItbmlzdHAyNTYAAAAIbmlzdHAyNTYAAABBBFaq3DIzQwQXOJQThPdzw3cvPGRBnCDqnX1hfBxdiSE3czURtL26uShv3NSBuvFo6cWAsFoor0iKhPC4xX+c8K0= root@ubuntu-bionic
ssh-ed25519 AAAAC3NzaC1lZDI1NTE5AAAAIFnuoumaSC9dcuKfmf3RAL7h6yFQqMsh9kZ2i8Lwhe8l root@ubuntu-bionic
ssh-rsa AAAAB3NzaC1yc2EAAAADAQABAAABAQDWEe1TtyQoc1lyZSm/6x9UUsn7yYHWpOY02busHxWd9Mm6iWgtzXo3zzBv9zCBUWJGxCjxX/z2HenQHfZ8uEHR671LeU9vAieoLpy0ChOi8VYsVMiVhFVOPRMJ0QJDfpyX6GSjMbdRl+F4Ha47M3eh86sCvjKYelb86Bp3GZfToX3ITCmmKSvkOzgcBafpIIJJPQiOWUetvwDq7SDWLrrAqQLyxo4fzif1h9eT/rDI8QEO4bxsGK8m7RdLGfHsiZhDKiQxgemlbsZ7rLnSO3N4v/lJPsktcSpPPMppCrOArl/Hu/tXYCucyVkKSa2FYZjzg/Kxzi26cd8cEXhrYdQz root@ubuntu-bionic
-----END SSH HOST KEY KEYS-----
[   35.358626] cloud-init[2489]: Cloud-init v. 23.1.2-0ubuntu0~18.04.1 running 'modules:final' at Mon, 23 Dec 2024 09:58:13 +0000. Up 35.12 seconds.
[   35.358767] cloud-init[2489]: Cloud-init v. 23.1.2-0ubuntu0~18.04.1 finished at Mon, 23 Dec 2024 09:58:14 +0000. Datasource DataSourceNoCloud [seed=/dev/sdb][dsmode=net].  Up 35.33 seconds
